2022-03-03 20:52:30.757 +02:00 [INF] HTTP GET / responded 200 in 239.9997 ms
2022-03-03 20:52:34.210 +02:00 [INF] HTTP GET /Admin/Assignments responded 200 in 1362.5512 ms
2022-03-03 20:56:49.033 +02:00 [INF] HTTP GET / responded 200 in 167.1036 ms
2022-03-03 20:56:52.123 +02:00 [INF] HTTP GET /Admin/Assignments responded 200 in 1114.8412 ms
2022-03-03 20:56:53.656 +02:00 [INF] HTTP GET /Admin/Assignments/Edit/6643daa5-4b08-40a5-860d-28c35724cb5e responded 200 in 180.4211 ms
2022-03-03 20:56:56.119 +02:00 [INF] HTTP GET /Admin/Assignments responded 200 in 21.2009 ms
2022-03-03 20:57:16.785 +02:00 [INF] HTTP GET /Admin/Assignments responded 200 in 10.7978 ms
2022-03-03 20:57:17.946 +02:00 [INF] HTTP GET /Admin/Assignments/Edit/6643daa5-4b08-40a5-860d-28c35724cb5e responded 200 in 23.1664 ms
2022-03-03 20:57:25.055 +02:00 [INF] HTTP POST /Admin/Assignments/Edit/6643daa5-4b08-40a5-860d-28c35724cb5e responded 404 in 24.8685 ms
2022-03-03 20:58:21.063 +02:00 [INF] HTTP GET /Admin/Assignments/Edit/6643daa5-4b08-40a5-860d-28c35724cb5e responded 200 in 5.3172 ms
2022-03-03 20:58:22.774 +02:00 [INF] HTTP GET /Admin/Assignments responded 200 in 4.6517 ms
2022-03-03 20:58:25.056 +02:00 [INF] HTTP GET /Admin/Assignments/Edit/6643daa5-4b08-40a5-860d-28c35724cb5e responded 200 in 4.3897 ms
2022-03-03 20:58:55.208 +02:00 [INF] HTTP GET / responded 200 in 254.5193 ms
2022-03-03 20:59:01.789 +02:00 [INF] HTTP GET /Admin/Assignments responded 200 in 1157.1242 ms
2022-03-03 20:59:03.747 +02:00 [INF] HTTP GET /Admin/Assignments/Edit/6643daa5-4b08-40a5-860d-28c35724cb5e responded 200 in 146.4449 ms
2022-03-03 20:59:10.196 +02:00 [INF] HTTP POST /Admin/Assignments/Edit/6643daa5-4b08-40a5-860d-28c35724cb5e responded 404 in 33.1883 ms
2022-03-03 20:59:18.800 +02:00 [INF] HTTP GET /Admin/Assignments/Edit/6643daa5-4b08-40a5-860d-28c35724cb5e responded 200 in 14.4255 ms
2022-03-03 20:59:25.045 +02:00 [INF] HTTP POST /Admin/Assignments/Edit/6643daa5-4b08-40a5-860d-28c35724cb5e responded 404 in 1.1285 ms
2022-03-03 21:00:22.671 +02:00 [INF] HTTP GET /Admin/Assignments/Edit/6643daa5-4b08-40a5-860d-28c35724cb5e responded 200 in 6.3317 ms
2022-03-03 21:00:24.667 +02:00 [DBG] False
2022-03-03 21:00:24.670 +02:00 [INF] HTTP POST /Admin/Assignments/Edit/6643daa5-4b08-40a5-860d-28c35724cb5e responded 404 in 7.3290 ms
2022-03-03 21:00:55.512 +02:00 [INF] HTTP GET /Admin/Assignments/Edit/6643daa5-4b08-40a5-860d-28c35724cb5e responded 200 in 5.1380 ms
2022-03-03 21:01:55.119 +02:00 [INF] HTTP GET / responded 200 in 234.0303 ms
2022-03-03 21:01:58.672 +02:00 [INF] HTTP GET /Admin/Assignments responded 200 in 1136.9053 ms
2022-03-03 21:02:12.822 +02:00 [INF] HTTP GET /Admin/Assignments/Edit/6643daa5-4b08-40a5-860d-28c35724cb5e responded 200 in 12387.6434 ms
2022-03-03 21:03:13.775 +02:00 [DBG] False
2022-03-03 21:03:23.672 +02:00 [INF] HTTP POST /Admin/Assignments/Edit/6643daa5-4b08-40a5-860d-28c35724cb5e responded 404 in 12419.8966 ms
2022-03-03 21:03:38.112 +02:00 [INF] HTTP GET /Admin/Assignments/Edit/6643daa5-4b08-40a5-860d-28c35724cb5e responded 200 in 2784.0493 ms
2022-03-03 21:03:51.113 +02:00 [DBG] False
2022-03-03 21:03:52.597 +02:00 [INF] HTTP POST /Admin/Assignments/Edit/6643daa5-4b08-40a5-860d-28c35724cb5e responded 404 in 11885.7268 ms
2022-03-03 21:08:37.070 +02:00 [INF] HTTP GET / responded 200 in 171.0922 ms
2022-03-03 21:08:45.094 +02:00 [INF] HTTP GET /Admin/Assignments responded 200 in 1127.8893 ms
2022-03-03 21:08:46.723 +02:00 [INF] HTTP GET /Admin/Assignments/Create responded 200 in 31.8399 ms
2022-03-03 21:08:52.995 +02:00 [ERR] HTTP POST /Admin/Assignments/Create responded 500 in 47.8115 ms
System.ArgumentNullException: Value cannot be null. (Parameter 'input')
   at System.Guid.Parse(String input)
   at FiveMinuteMindfulness.Areas.Admin.Controllers.Content.AssignmentsController.Create(Assignment model) in D:\Projects\C#\Mindfulness\FiveMinuteMindfulness\FiveMinuteMindfulness\Areas\Admin\Controllers\Content\AssignmentsController.cs:line 51
   at Microsoft.AspNetCore.Mvc.Infrastructure.ActionMethodExecutor.TaskOfIActionResultExecutor.Execute(IActionResultTypeMapper mapper, ObjectMethodExecutor executor, Object controller, Object[] arguments)
   at Microsoft.AspNetCore.Mvc.Infrastructure.ControllerActionInvoker.<InvokeActionMethodAsync>g__Awaited|12_0(ControllerActionInvoker invoker, ValueTask`1 actionResultValueTask)
   at Microsoft.AspNetCore.Mvc.Infrastructure.ControllerActionInvoker.<InvokeNextActionFilterAsync>g__Awaited|10_0(ControllerActionInvoker invoker, Task lastTask, State next, Scope scope, Object state, Boolean isCompleted)
   at Microsoft.AspNetCore.Mvc.Infrastructure.ControllerActionInvoker.Rethrow(ActionExecutedContextSealed context)
   at Microsoft.AspNetCore.Mvc.Infrastructure.ControllerActionInvoker.Next(State& next, Scope& scope, Object& state, Boolean& isCompleted)
   at Microsoft.AspNetCore.Mvc.Infrastructure.ControllerActionInvoker.InvokeInnerFilterAsync()
--- End of stack trace from previous location ---
   at Microsoft.AspNetCore.Mvc.Infrastructure.ResourceInvoker.<InvokeNextResourceFilter>g__Awaited|25_0(ResourceInvoker invoker, Task lastTask, State next, Scope scope, Object state, Boolean isCompleted)
   at Microsoft.AspNetCore.Mvc.Infrastructure.ResourceInvoker.Rethrow(ResourceExecutedContextSealed context)
   at Microsoft.AspNetCore.Mvc.Infrastructure.ResourceInvoker.Next(State& next, Scope& scope, Object& state, Boolean& isCompleted)
   at Microsoft.AspNetCore.Mvc.Infrastructure.ResourceInvoker.InvokeFilterPipelineAsync()
--- End of stack trace from previous location ---
   at Microsoft.AspNetCore.Mvc.Infrastructure.ResourceInvoker.<InvokeAsync>g__Awaited|17_0(ResourceInvoker invoker, Task task, IDisposable scope)
   at Microsoft.AspNetCore.Mvc.Infrastructure.ResourceInvoker.<InvokeAsync>g__Awaited|17_0(ResourceInvoker invoker, Task task, IDisposable scope)
   at Microsoft.AspNetCore.Routing.EndpointMiddleware.<Invoke>g__AwaitRequestTask|6_0(Endpoint endpoint, Task requestTask, ILogger logger)
   at Serilog.AspNetCore.RequestLoggingMiddleware.Invoke(HttpContext httpContext)
2022-03-03 21:08:53.041 +02:00 [ERR] An unhandled exception has occurred while executing the request.
System.ArgumentNullException: Value cannot be null. (Parameter 'input')
   at System.Guid.Parse(String input)
   at FiveMinuteMindfulness.Areas.Admin.Controllers.Content.AssignmentsController.Create(Assignment model) in D:\Projects\C#\Mindfulness\FiveMinuteMindfulness\FiveMinuteMindfulness\Areas\Admin\Controllers\Content\AssignmentsController.cs:line 51
   at Microsoft.AspNetCore.Mvc.Infrastructure.ActionMethodExecutor.TaskOfIActionResultExecutor.Execute(IActionResultTypeMapper mapper, ObjectMethodExecutor executor, Object controller, Object[] arguments)
   at Microsoft.AspNetCore.Mvc.Infrastructure.ControllerActionInvoker.<InvokeActionMethodAsync>g__Awaited|12_0(ControllerActionInvoker invoker, ValueTask`1 actionResultValueTask)
   at Microsoft.AspNetCore.Mvc.Infrastructure.ControllerActionInvoker.<InvokeNextActionFilterAsync>g__Awaited|10_0(ControllerActionInvoker invoker, Task lastTask, State next, Scope scope, Object state, Boolean isCompleted)
   at Microsoft.AspNetCore.Mvc.Infrastructure.ControllerActionInvoker.Rethrow(ActionExecutedContextSealed context)
   at Microsoft.AspNetCore.Mvc.Infrastructure.ControllerActionInvoker.Next(State& next, Scope& scope, Object& state, Boolean& isCompleted)
   at Microsoft.AspNetCore.Mvc.Infrastructure.ControllerActionInvoker.InvokeInnerFilterAsync()
--- End of stack trace from previous location ---
   at Microsoft.AspNetCore.Mvc.Infrastructure.ResourceInvoker.<InvokeNextResourceFilter>g__Awaited|25_0(ResourceInvoker invoker, Task lastTask, State next, Scope scope, Object state, Boolean isCompleted)
   at Microsoft.AspNetCore.Mvc.Infrastructure.ResourceInvoker.Rethrow(ResourceExecutedContextSealed context)
   at Microsoft.AspNetCore.Mvc.Infrastructure.ResourceInvoker.Next(State& next, Scope& scope, Object& state, Boolean& isCompleted)
   at Microsoft.AspNetCore.Mvc.Infrastructure.ResourceInvoker.InvokeFilterPipelineAsync()
--- End of stack trace from previous location ---
   at Microsoft.AspNetCore.Mvc.Infrastructure.ResourceInvoker.<InvokeAsync>g__Awaited|17_0(ResourceInvoker invoker, Task task, IDisposable scope)
   at Microsoft.AspNetCore.Mvc.Infrastructure.ResourceInvoker.<InvokeAsync>g__Awaited|17_0(ResourceInvoker invoker, Task task, IDisposable scope)
   at Microsoft.AspNetCore.Routing.EndpointMiddleware.<Invoke>g__AwaitRequestTask|6_0(Endpoint endpoint, Task requestTask, ILogger logger)
   at Serilog.AspNetCore.RequestLoggingMiddleware.Invoke(HttpContext httpContext)
   at Microsoft.AspNetCore.Authorization.AuthorizationMiddleware.Invoke(HttpContext context)
   at Microsoft.AspNetCore.Authentication.AuthenticationMiddleware.Invoke(HttpContext context)
   at Microsoft.AspNetCore.Diagnostics.DeveloperExceptionPageMiddleware.Invoke(HttpContext context)
2022-03-03 21:09:09.262 +02:00 [INF] HTTP GET /Admin/Assignments/Create responded 200 in 2.0863 ms
2022-03-03 21:09:11.096 +02:00 [INF] HTTP GET /Identity/Account/Login responded 200 in 49.7969 ms
2022-03-03 21:09:28.252 +02:00 [INF] HTTP POST /Identity/Account/Login responded 302 in 274.7199 ms
2022-03-03 21:09:28.263 +02:00 [INF] HTTP GET / responded 200 in 2.0230 ms
2022-03-03 21:09:30.037 +02:00 [INF] HTTP GET /Admin/Assignments responded 200 in 12.1546 ms
2022-03-03 21:09:31.495 +02:00 [INF] HTTP GET /Admin/Assignments/Create responded 200 in 1.2284 ms
2022-03-03 21:09:37.202 +02:00 [INF] HTTP POST /Admin/Assignments/Create responded 302 in 131.8750 ms
2022-03-03 21:09:37.215 +02:00 [INF] HTTP GET /Admin/Assignments responded 200 in 6.1464 ms
2022-03-03 21:09:43.350 +02:00 [INF] HTTP GET /Admin/Assignments/Edit/6643daa5-4b08-40a5-860d-28c35724cb5e responded 200 in 21.7231 ms
2022-03-03 21:09:44.919 +02:00 [INF] HTTP GET /Admin/Assignments responded 200 in 5.4469 ms
2022-03-03 21:09:52.113 +02:00 [INF] HTTP GET /Admin/Assignments responded 200 in 19.1363 ms
2022-03-03 21:09:53.876 +02:00 [INF] HTTP GET /Admin/Assignments/Edit/6643daa5-4b08-40a5-860d-28c35724cb5e responded 200 in 10.2016 ms
2022-03-03 21:09:55.346 +02:00 [INF] HTTP GET /Admin/Assignments responded 200 in 5.5633 ms
2022-03-03 21:09:56.426 +02:00 [INF] HTTP GET /Admin/Assignments/Details/6643daa5-4b08-40a5-860d-28c35724cb5e responded 200 in 9.4212 ms
2022-03-03 21:09:58.181 +02:00 [INF] HTTP GET /Admin/Assignments responded 200 in 5.6602 ms
2022-03-03 21:10:01.744 +02:00 [INF] HTTP GET /Admin/Assignments/Details/534a3f3b-3082-4c17-b425-9d66ed802085 responded 200 in 3.8917 ms
2022-03-03 21:10:16.695 +02:00 [INF] HTTP GET /Admin/Assignments/Details/534a3f3b-3082-4c17-b425-9d66ed802085 responded 200 in 14.6473 ms
2022-03-03 21:10:17.975 +02:00 [INF] HTTP GET /Admin/Assignments responded 200 in 9.4972 ms
2022-03-03 21:10:42.786 +02:00 [INF] HTTP GET /Admin/Assignments responded 200 in 17.1463 ms
2022-03-03 21:10:45.742 +02:00 [INF] HTTP GET /Admin/Assignments/Details/6643daa5-4b08-40a5-860d-28c35724cb5e responded 200 in 6.0640 ms
2022-03-03 21:10:46.721 +02:00 [INF] HTTP GET /Admin/Assignments responded 200 in 5.8073 ms
2022-03-03 21:10:48.141 +02:00 [INF] HTTP GET /Admin/Assignments/Delete/534a3f3b-3082-4c17-b425-9d66ed802085 responded 405 in 0.0692 ms
2022-03-03 21:10:50.311 +02:00 [INF] HTTP GET /Admin/Assignments responded 200 in 6.0780 ms
2022-03-03 21:13:22.691 +02:00 [INF] HTTP GET / responded 200 in 70.4244 ms
2022-03-03 21:13:26.210 +02:00 [INF] HTTP GET /Admin/Assignments responded 200 in 1092.2597 ms
2022-03-03 21:13:28.714 +02:00 [INF] HTTP GET /Admin/Assignments/Delete/6643daa5-4b08-40a5-860d-28c35724cb5e responded 200 in 137.4808 ms
2022-03-03 21:13:32.058 +02:00 [INF] HTTP POST /Admin/Assignments/Delete/6643daa5-4b08-40a5-860d-28c35724cb5e responded 302 in 150.4241 ms
2022-03-03 21:13:32.070 +02:00 [INF] HTTP GET /Admin/Assignments responded 200 in 5.2291 ms
2022-03-03 21:13:35.022 +02:00 [INF] HTTP GET /Admin/Assignments/Edit/534a3f3b-3082-4c17-b425-9d66ed802085 responded 200 in 25.8338 ms
2022-03-03 21:13:38.549 +02:00 [INF] HTTP POST /Admin/Assignments/Edit/534a3f3b-3082-4c17-b425-9d66ed802085 responded 404 in 20.3709 ms
2022-03-03 21:15:35.462 +02:00 [INF] HTTP GET /Admin/Assignments/Edit/534a3f3b-3082-4c17-b425-9d66ed802085 responded 200 in 29.8770 ms
2022-03-03 21:15:36.772 +02:00 [INF] HTTP GET /Admin/Assignments responded 200 in 9.0663 ms
2022-03-03 21:15:38.188 +02:00 [INF] HTTP GET /Admin/Assignments/Details/534a3f3b-3082-4c17-b425-9d66ed802085 responded 200 in 10.6998 ms
2022-03-03 21:15:39.289 +02:00 [INF] HTTP GET /Admin/Assignments responded 200 in 6.0275 ms
2022-03-03 21:15:40.623 +02:00 [INF] HTTP GET /Admin/Assignments/Edit/534a3f3b-3082-4c17-b425-9d66ed802085 responded 200 in 3.7292 ms
2022-03-03 21:15:41.813 +02:00 [INF] HTTP GET /Admin/Assignments responded 200 in 6.5307 ms
2022-03-03 21:15:42.892 +02:00 [INF] HTTP GET /Admin/Assignments/Details/534a3f3b-3082-4c17-b425-9d66ed802085 responded 200 in 4.4828 ms
2022-03-03 21:15:46.305 +02:00 [INF] HTTP GET /Admin/Assignments responded 200 in 5.0558 ms
2022-03-03 21:15:47.951 +02:00 [INF] HTTP GET /Admin/Assignments/Delete/534a3f3b-3082-4c17-b425-9d66ed802085 responded 200 in 11.1714 ms
2022-03-03 21:15:49.270 +02:00 [INF] HTTP GET /Admin/Assignments responded 200 in 4.5642 ms
2022-03-03 21:15:50.165 +02:00 [INF] HTTP GET /Admin/Assignments/Details/534a3f3b-3082-4c17-b425-9d66ed802085 responded 200 in 3.4064 ms
2022-03-03 21:15:51.751 +02:00 [INF] HTTP GET /Admin/Assignments responded 200 in 4.5185 ms
2022-03-03 21:15:52.603 +02:00 [INF] HTTP GET /Admin/Assignments/Edit/534a3f3b-3082-4c17-b425-9d66ed802085 responded 200 in 5.9675 ms
2022-03-03 21:16:28.837 +02:00 [INF] HTTP GET / responded 200 in 73.7608 ms
2022-03-03 21:16:30.111 +02:00 [INF] HTTP GET /Admin/Assignments/Edit/534a3f3b-3082-4c17-b425-9d66ed802085 responded 200 in 1348.6125 ms
2022-03-03 21:16:34.849 +02:00 [INF] HTTP GET /Admin/Assignments responded 200 in 70.4562 ms
2022-03-03 21:16:36.131 +02:00 [INF] HTTP GET /Admin/Assignments/Edit/534a3f3b-3082-4c17-b425-9d66ed802085 responded 200 in 14.7442 ms
2022-03-03 21:16:37.050 +02:00 [INF] HTTP GET /Admin/Assignments responded 200 in 5.9078 ms
2022-03-03 21:16:37.884 +02:00 [INF] HTTP GET /Admin/Assignments/Details/534a3f3b-3082-4c17-b425-9d66ed802085 responded 200 in 10.4999 ms
2022-03-03 21:16:39.434 +02:00 [INF] HTTP GET /Admin/Assignments responded 200 in 7.1113 ms
2022-03-03 21:16:41.144 +02:00 [INF] HTTP GET /Admin/Assignments/Details/534a3f3b-3082-4c17-b425-9d66ed802085 responded 200 in 3.9182 ms
2022-03-03 21:16:41.991 +02:00 [INF] HTTP GET /Admin/Assignments responded 200 in 5.8273 ms
2022-03-03 21:17:05.660 +02:00 [INF] HTTP GET /Admin/Assignments/Details/534a3f3b-3082-4c17-b425-9d66ed802085 responded 200 in 16.6944 ms
2022-03-03 21:17:06.839 +02:00 [INF] HTTP GET /Admin/Assignments responded 200 in 8.2586 ms
2022-03-03 21:17:07.668 +02:00 [INF] HTTP GET /Admin/Assignments/Edit/534a3f3b-3082-4c17-b425-9d66ed802085 responded 200 in 7.9943 ms
2022-03-03 21:17:08.486 +02:00 [INF] HTTP GET /Admin/Assignments responded 200 in 4.2952 ms
2022-03-03 21:17:09.382 +02:00 [INF] HTTP GET /Admin/Assignments/Delete/534a3f3b-3082-4c17-b425-9d66ed802085 responded 200 in 16.9328 ms
2022-03-03 21:17:10.343 +02:00 [INF] HTTP GET /Admin/Assignments responded 200 in 4.6857 ms
2022-03-03 21:17:17.413 +02:00 [INF] HTTP GET /Admin/Assignments/Edit/534a3f3b-3082-4c17-b425-9d66ed802085 responded 200 in 6.1834 ms
2022-03-03 21:48:10.782 +02:00 [INF] HTTP GET / responded 200 in 64.7561 ms
2022-03-03 21:48:13.400 +02:00 [ERR] HTTP GET /Admin/Assignments responded 500 in 5.5706 ms
System.InvalidOperationException: Unable to resolve service for type 'FiveMinuteMindfulness.Services.Content.Interfaces.IAssignmentService' while attempting to activate 'FiveMinuteMindfulness.Areas.Admin.Controllers.Content.AssignmentsController'.
   at Microsoft.Extensions.DependencyInjection.ActivatorUtilities.GetService(IServiceProvider sp, Type type, Type requiredBy, Boolean isDefaultParameterRequired)
   at lambda_method179(Closure , IServiceProvider , Object[] )
   at Microsoft.AspNetCore.Mvc.Controllers.ControllerActivatorProvider.<>c__DisplayClass7_0.<CreateActivator>b__0(ControllerContext controllerContext)
   at Microsoft.AspNetCore.Mvc.Controllers.ControllerFactoryProvider.<>c__DisplayClass6_0.<CreateControllerFactory>g__CreateController|0(ControllerContext controllerContext)
   at Microsoft.AspNetCore.Mvc.Infrastructure.ControllerActionInvoker.Next(State& next, Scope& scope, Object& state, Boolean& isCompleted)
   at Microsoft.AspNetCore.Mvc.Infrastructure.ControllerActionInvoker.InvokeInnerFilterAsync()
--- End of stack trace from previous location ---
   at Microsoft.AspNetCore.Mvc.Infrastructure.ResourceInvoker.<InvokeNextResourceFilter>g__Awaited|25_0(ResourceInvoker invoker, Task lastTask, State next, Scope scope, Object state, Boolean isCompleted)
   at Microsoft.AspNetCore.Mvc.Infrastructure.ResourceInvoker.Rethrow(ResourceExecutedContextSealed context)
   at Microsoft.AspNetCore.Mvc.Infrastructure.ResourceInvoker.Next(State& next, Scope& scope, Object& state, Boolean& isCompleted)
   at Microsoft.AspNetCore.Mvc.Infrastructure.ResourceInvoker.InvokeFilterPipelineAsync()
--- End of stack trace from previous location ---
   at Microsoft.AspNetCore.Mvc.Infrastructure.ResourceInvoker.<InvokeAsync>g__Awaited|17_0(ResourceInvoker invoker, Task task, IDisposable scope)
   at Microsoft.AspNetCore.Mvc.Infrastructure.ResourceInvoker.<InvokeAsync>g__Awaited|17_0(ResourceInvoker invoker, Task task, IDisposable scope)
   at Microsoft.AspNetCore.Routing.EndpointMiddleware.<Invoke>g__AwaitRequestTask|6_0(Endpoint endpoint, Task requestTask, ILogger logger)
   at Serilog.AspNetCore.RequestLoggingMiddleware.Invoke(HttpContext httpContext)
2022-03-03 21:48:13.424 +02:00 [ERR] An unhandled exception has occurred while executing the request.
System.InvalidOperationException: Unable to resolve service for type 'FiveMinuteMindfulness.Services.Content.Interfaces.IAssignmentService' while attempting to activate 'FiveMinuteMindfulness.Areas.Admin.Controllers.Content.AssignmentsController'.
   at Microsoft.Extensions.DependencyInjection.ActivatorUtilities.GetService(IServiceProvider sp, Type type, Type requiredBy, Boolean isDefaultParameterRequired)
   at lambda_method179(Closure , IServiceProvider , Object[] )
   at Microsoft.AspNetCore.Mvc.Controllers.ControllerActivatorProvider.<>c__DisplayClass7_0.<CreateActivator>b__0(ControllerContext controllerContext)
   at Microsoft.AspNetCore.Mvc.Controllers.ControllerFactoryProvider.<>c__DisplayClass6_0.<CreateControllerFactory>g__CreateController|0(ControllerContext controllerContext)
   at Microsoft.AspNetCore.Mvc.Infrastructure.ControllerActionInvoker.Next(State& next, Scope& scope, Object& state, Boolean& isCompleted)
   at Microsoft.AspNetCore.Mvc.Infrastructure.ControllerActionInvoker.InvokeInnerFilterAsync()
--- End of stack trace from previous location ---
   at Microsoft.AspNetCore.Mvc.Infrastructure.ResourceInvoker.<InvokeNextResourceFilter>g__Awaited|25_0(ResourceInvoker invoker, Task lastTask, State next, Scope scope, Object state, Boolean isCompleted)
   at Microsoft.AspNetCore.Mvc.Infrastructure.ResourceInvoker.Rethrow(ResourceExecutedContextSealed context)
   at Microsoft.AspNetCore.Mvc.Infrastructure.ResourceInvoker.Next(State& next, Scope& scope, Object& state, Boolean& isCompleted)
   at Microsoft.AspNetCore.Mvc.Infrastructure.ResourceInvoker.InvokeFilterPipelineAsync()
--- End of stack trace from previous location ---
   at Microsoft.AspNetCore.Mvc.Infrastructure.ResourceInvoker.<InvokeAsync>g__Awaited|17_0(ResourceInvoker invoker, Task task, IDisposable scope)
   at Microsoft.AspNetCore.Mvc.Infrastructure.ResourceInvoker.<InvokeAsync>g__Awaited|17_0(ResourceInvoker invoker, Task task, IDisposable scope)
   at Microsoft.AspNetCore.Routing.EndpointMiddleware.<Invoke>g__AwaitRequestTask|6_0(Endpoint endpoint, Task requestTask, ILogger logger)
   at Serilog.AspNetCore.RequestLoggingMiddleware.Invoke(HttpContext httpContext)
   at Microsoft.AspNetCore.Authorization.AuthorizationMiddleware.Invoke(HttpContext context)
   at Microsoft.AspNetCore.Authentication.AuthenticationMiddleware.Invoke(HttpContext context)
   at Microsoft.AspNetCore.Diagnostics.DeveloperExceptionPageMiddleware.Invoke(HttpContext context)
2022-03-03 21:49:07.764 +02:00 [INF] HTTP GET / responded 200 in 67.9297 ms
2022-03-03 21:49:10.411 +02:00 [INF] HTTP GET /Admin/Assignments responded 200 in 1231.7419 ms
2022-03-03 21:49:32.176 +02:00 [INF] HTTP GET /Admin/Assignments/Edit/534a3f3b-3082-4c17-b425-9d66ed802085 responded 200 in 152.8664 ms
2022-03-03 21:49:33.514 +02:00 [INF] HTTP GET /Admin/Assignments responded 200 in 15.2711 ms
2022-03-03 21:49:35.923 +02:00 [INF] HTTP GET /Admin/Assignments/Edit/534a3f3b-3082-4c17-b425-9d66ed802085 responded 200 in 7.0443 ms
2022-03-03 21:49:37.400 +02:00 [INF] HTTP POST /Admin/Assignments/Edit/534a3f3b-3082-4c17-b425-9d66ed802085 responded 404 in 24.7549 ms
2022-03-03 21:49:38.928 +02:00 [INF] HTTP GET /Admin/Assignments responded 200 in 5.0558 ms
2022-03-03 21:49:39.853 +02:00 [INF] HTTP GET / responded 200 in 0.7270 ms
2022-03-03 21:49:40.522 +02:00 [INF] HTTP GET /Admin/Assignments responded 200 in 5.1984 ms
2022-03-03 21:56:00.545 +02:00 [INF] HTTP GET / responded 200 in 68.4847 ms
2022-03-03 21:56:04.467 +02:00 [INF] HTTP GET /Admin/Assignments responded 200 in 1197.1992 ms
2022-03-03 21:56:06.141 +02:00 [INF] HTTP GET /Admin/Assignments/Create responded 200 in 22.1841 ms
2022-03-03 21:56:13.771 +02:00 [INF] HTTP POST /Admin/Assignments/Create responded 302 in 220.7950 ms
2022-03-03 21:56:13.797 +02:00 [INF] HTTP GET /Admin/Assignments responded 200 in 14.1653 ms
2022-03-03 21:59:12.862 +02:00 [INF] HTTP GET / responded 200 in 68.1957 ms
2022-03-03 21:59:16.851 +02:00 [INF] HTTP GET /Admin/Assignments responded 200 in 1210.2474 ms
2022-03-03 21:59:18.088 +02:00 [INF] HTTP GET /Admin/Assignments/Edit/e9b9124a-00ed-4ad4-a80b-8213a052d2a8 responded 200 in 144.7055 ms
2022-03-03 21:59:19.219 +02:00 [INF] HTTP GET /Admin/Assignments responded 200 in 17.0104 ms
2022-03-03 21:59:20.006 +02:00 [INF] HTTP GET /Admin/Assignments/Details/e9b9124a-00ed-4ad4-a80b-8213a052d2a8 responded 200 in 11.5356 ms
2022-03-03 21:59:21.042 +02:00 [INF] HTTP GET /Admin/Assignments responded 200 in 6.5029 ms
2022-03-03 21:59:22.354 +02:00 [INF] HTTP GET /Admin/Assignments/Delete/e9b9124a-00ed-4ad4-a80b-8213a052d2a8 responded 200 in 10.3233 ms
2022-03-03 21:59:23.831 +02:00 [INF] HTTP POST /Admin/Assignments/Delete/e9b9124a-00ed-4ad4-a80b-8213a052d2a8 responded 302 in 125.4518 ms
2022-03-03 21:59:23.843 +02:00 [INF] HTTP GET /Admin/Assignments responded 200 in 4.0835 ms
2022-03-03 22:18:46.556 +02:00 [INF] HTTP GET / responded 200 in 75.4442 ms
2022-03-03 22:19:04.663 +02:00 [INF] HTTP GET /Admin/Assignments responded 200 in 219.2103 ms
2022-03-03 22:19:26.156 +02:00 [INF] HTTP GET /Admin/Assignments responded 200 in 22.7027 ms
2022-03-03 22:19:29.456 +02:00 [INF] HTTP GET /Admin/Assignments/Edit/534a3f3b-3082-4c17-b425-9d66ed802085 responded 200 in 53.7879 ms
2022-03-03 22:19:32.300 +02:00 [INF] HTTP POST /Admin/Assignments/Edit/534a3f3b-3082-4c17-b425-9d66ed802085 responded 404 in 22.2173 ms
2022-03-03 22:19:33.372 +02:00 [INF] HTTP GET /Admin/Assignments responded 200 in 4.7017 ms
2022-03-03 23:07:49.310 +02:00 [ERR] The view 'Index' was not found. Searched locations: ["/Views/Home/Index.cshtml","/Views/Shared/Index.cshtml","/Pages/Shared/Index.cshtml"]
2022-03-03 23:07:49.358 +02:00 [ERR] HTTP GET / responded 500 in 56.6446 ms
System.InvalidOperationException: The view 'Index' was not found. The following locations were searched:
/Views/Home/Index.cshtml
/Views/Shared/Index.cshtml
/Pages/Shared/Index.cshtml
   at Microsoft.AspNetCore.Mvc.ViewEngines.ViewEngineResult.EnsureSuccessful(IEnumerable`1 originalLocations)
   at Microsoft.AspNetCore.Mvc.ViewFeatures.ViewResultExecutor.ExecuteAsync(ActionContext context, ViewResult result)
   at Microsoft.AspNetCore.Mvc.ViewResult.ExecuteResultAsync(ActionContext context)
   at Microsoft.AspNetCore.Mvc.Infrastructure.ResourceInvoker.<InvokeNextResultFilterAsync>g__Awaited|30_0[TFilter,TFilterAsync](ResourceInvoker invoker, Task lastTask, State next, Scope scope, Object state, Boolean isCompleted)
   at Microsoft.AspNetCore.Mvc.Infrastructure.ResourceInvoker.Rethrow(ResultExecutedContextSealed context)
   at Microsoft.AspNetCore.Mvc.Infrastructure.ResourceInvoker.ResultNext[TFilter,TFilterAsync](State& next, Scope& scope, Object& state, Boolean& isCompleted)
   at Microsoft.AspNetCore.Mvc.Infrastructure.ResourceInvoker.InvokeResultFilters()
--- End of stack trace from previous location ---
   at Microsoft.AspNetCore.Mvc.Infrastructure.ResourceInvoker.<InvokeNextResourceFilter>g__Awaited|25_0(ResourceInvoker invoker, Task lastTask, State next, Scope scope, Object state, Boolean isCompleted)
   at Microsoft.AspNetCore.Mvc.Infrastructure.ResourceInvoker.Rethrow(ResourceExecutedContextSealed context)
   at Microsoft.AspNetCore.Mvc.Infrastructure.ResourceInvoker.Next(State& next, Scope& scope, Object& state, Boolean& isCompleted)
   at Microsoft.AspNetCore.Mvc.Infrastructure.ResourceInvoker.InvokeFilterPipelineAsync()
--- End of stack trace from previous location ---
   at Microsoft.AspNetCore.Mvc.Infrastructure.ResourceInvoker.<InvokeAsync>g__Awaited|17_0(ResourceInvoker invoker, Task task, IDisposable scope)
   at Microsoft.AspNetCore.Mvc.Infrastructure.ResourceInvoker.<InvokeAsync>g__Awaited|17_0(ResourceInvoker invoker, Task task, IDisposable scope)
   at Microsoft.AspNetCore.Routing.EndpointMiddleware.<Invoke>g__AwaitRequestTask|6_0(Endpoint endpoint, Task requestTask, ILogger logger)
   at Serilog.AspNetCore.RequestLoggingMiddleware.Invoke(HttpContext httpContext)
2022-03-03 23:07:49.381 +02:00 [ERR] An unhandled exception has occurred while executing the request.
System.InvalidOperationException: The view 'Index' was not found. The following locations were searched:
/Views/Home/Index.cshtml
/Views/Shared/Index.cshtml
/Pages/Shared/Index.cshtml
   at Microsoft.AspNetCore.Mvc.ViewEngines.ViewEngineResult.EnsureSuccessful(IEnumerable`1 originalLocations)
   at Microsoft.AspNetCore.Mvc.ViewFeatures.ViewResultExecutor.ExecuteAsync(ActionContext context, ViewResult result)
   at Microsoft.AspNetCore.Mvc.ViewResult.ExecuteResultAsync(ActionContext context)
   at Microsoft.AspNetCore.Mvc.Infrastructure.ResourceInvoker.<InvokeNextResultFilterAsync>g__Awaited|30_0[TFilter,TFilterAsync](ResourceInvoker invoker, Task lastTask, State next, Scope scope, Object state, Boolean isCompleted)
   at Microsoft.AspNetCore.Mvc.Infrastructure.ResourceInvoker.Rethrow(ResultExecutedContextSealed context)
   at Microsoft.AspNetCore.Mvc.Infrastructure.ResourceInvoker.ResultNext[TFilter,TFilterAsync](State& next, Scope& scope, Object& state, Boolean& isCompleted)
   at Microsoft.AspNetCore.Mvc.Infrastructure.ResourceInvoker.InvokeResultFilters()
--- End of stack trace from previous location ---
   at Microsoft.AspNetCore.Mvc.Infrastructure.ResourceInvoker.<InvokeNextResourceFilter>g__Awaited|25_0(ResourceInvoker invoker, Task lastTask, State next, Scope scope, Object state, Boolean isCompleted)
   at Microsoft.AspNetCore.Mvc.Infrastructure.ResourceInvoker.Rethrow(ResourceExecutedContextSealed context)
   at Microsoft.AspNetCore.Mvc.Infrastructure.ResourceInvoker.Next(State& next, Scope& scope, Object& state, Boolean& isCompleted)
   at Microsoft.AspNetCore.Mvc.Infrastructure.ResourceInvoker.InvokeFilterPipelineAsync()
--- End of stack trace from previous location ---
   at Microsoft.AspNetCore.Mvc.Infrastructure.ResourceInvoker.<InvokeAsync>g__Awaited|17_0(ResourceInvoker invoker, Task task, IDisposable scope)
   at Microsoft.AspNetCore.Mvc.Infrastructure.ResourceInvoker.<InvokeAsync>g__Awaited|17_0(ResourceInvoker invoker, Task task, IDisposable scope)
   at Microsoft.AspNetCore.Routing.EndpointMiddleware.<Invoke>g__AwaitRequestTask|6_0(Endpoint endpoint, Task requestTask, ILogger logger)
   at Serilog.AspNetCore.RequestLoggingMiddleware.Invoke(HttpContext httpContext)
   at Microsoft.AspNetCore.Authorization.AuthorizationMiddleware.Invoke(HttpContext context)
   at Microsoft.AspNetCore.Authentication.AuthenticationMiddleware.Invoke(HttpContext context)
   at Microsoft.AspNetCore.Diagnostics.DeveloperExceptionPageMiddleware.Invoke(HttpContext context)
2022-03-03 23:08:52.643 +02:00 [ERR] The view 'Index' was not found. Searched locations: ["/Views/Home/Index.cshtml","/Views/Shared/Index.cshtml","/Pages/Shared/Index.cshtml"]
2022-03-03 23:08:52.650 +02:00 [ERR] HTTP GET / responded 500 in 8.7640 ms
System.InvalidOperationException: The view 'Index' was not found. The following locations were searched:
/Views/Home/Index.cshtml
/Views/Shared/Index.cshtml
/Pages/Shared/Index.cshtml
   at Microsoft.AspNetCore.Mvc.ViewEngines.ViewEngineResult.EnsureSuccessful(IEnumerable`1 originalLocations)
   at Microsoft.AspNetCore.Mvc.ViewFeatures.ViewResultExecutor.ExecuteAsync(ActionContext context, ViewResult result)
   at Microsoft.AspNetCore.Mvc.ViewResult.ExecuteResultAsync(ActionContext context)
   at Microsoft.AspNetCore.Mvc.Infrastructure.ResourceInvoker.<InvokeNextResultFilterAsync>g__Awaited|30_0[TFilter,TFilterAsync](ResourceInvoker invoker, Task lastTask, State next, Scope scope, Object state, Boolean isCompleted)
   at Microsoft.AspNetCore.Mvc.Infrastructure.ResourceInvoker.Rethrow(ResultExecutedContextSealed context)
   at Microsoft.AspNetCore.Mvc.Infrastructure.ResourceInvoker.ResultNext[TFilter,TFilterAsync](State& next, Scope& scope, Object& state, Boolean& isCompleted)
   at Microsoft.AspNetCore.Mvc.Infrastructure.ResourceInvoker.InvokeResultFilters()
--- End of stack trace from previous location ---
   at Microsoft.AspNetCore.Mvc.Infrastructure.ResourceInvoker.<InvokeNextResourceFilter>g__Awaited|25_0(ResourceInvoker invoker, Task lastTask, State next, Scope scope, Object state, Boolean isCompleted)
   at Microsoft.AspNetCore.Mvc.Infrastructure.ResourceInvoker.Rethrow(ResourceExecutedContextSealed context)
   at Microsoft.AspNetCore.Mvc.Infrastructure.ResourceInvoker.Next(State& next, Scope& scope, Object& state, Boolean& isCompleted)
   at Microsoft.AspNetCore.Mvc.Infrastructure.ResourceInvoker.InvokeFilterPipelineAsync()
--- End of stack trace from previous location ---
   at Microsoft.AspNetCore.Mvc.Infrastructure.ResourceInvoker.<InvokeAsync>g__Awaited|17_0(ResourceInvoker invoker, Task task, IDisposable scope)
   at Microsoft.AspNetCore.Mvc.Infrastructure.ResourceInvoker.<InvokeAsync>g__Awaited|17_0(ResourceInvoker invoker, Task task, IDisposable scope)
   at Microsoft.AspNetCore.Routing.EndpointMiddleware.<Invoke>g__AwaitRequestTask|6_0(Endpoint endpoint, Task requestTask, ILogger logger)
   at Serilog.AspNetCore.RequestLoggingMiddleware.Invoke(HttpContext httpContext)
2022-03-03 23:08:52.664 +02:00 [ERR] An unhandled exception has occurred while executing the request.
System.InvalidOperationException: The view 'Index' was not found. The following locations were searched:
/Views/Home/Index.cshtml
/Views/Shared/Index.cshtml
/Pages/Shared/Index.cshtml
   at Microsoft.AspNetCore.Mvc.ViewEngines.ViewEngineResult.EnsureSuccessful(IEnumerable`1 originalLocations)
   at Microsoft.AspNetCore.Mvc.ViewFeatures.ViewResultExecutor.ExecuteAsync(ActionContext context, ViewResult result)
   at Microsoft.AspNetCore.Mvc.ViewResult.ExecuteResultAsync(ActionContext context)
   at Microsoft.AspNetCore.Mvc.Infrastructure.ResourceInvoker.<InvokeNextResultFilterAsync>g__Awaited|30_0[TFilter,TFilterAsync](ResourceInvoker invoker, Task lastTask, State next, Scope scope, Object state, Boolean isCompleted)
   at Microsoft.AspNetCore.Mvc.Infrastructure.ResourceInvoker.Rethrow(ResultExecutedContextSealed context)
   at Microsoft.AspNetCore.Mvc.Infrastructure.ResourceInvoker.ResultNext[TFilter,TFilterAsync](State& next, Scope& scope, Object& state, Boolean& isCompleted)
   at Microsoft.AspNetCore.Mvc.Infrastructure.ResourceInvoker.InvokeResultFilters()
--- End of stack trace from previous location ---
   at Microsoft.AspNetCore.Mvc.Infrastructure.ResourceInvoker.<InvokeNextResourceFilter>g__Awaited|25_0(ResourceInvoker invoker, Task lastTask, State next, Scope scope, Object state, Boolean isCompleted)
   at Microsoft.AspNetCore.Mvc.Infrastructure.ResourceInvoker.Rethrow(ResourceExecutedContextSealed context)
   at Microsoft.AspNetCore.Mvc.Infrastructure.ResourceInvoker.Next(State& next, Scope& scope, Object& state, Boolean& isCompleted)
   at Microsoft.AspNetCore.Mvc.Infrastructure.ResourceInvoker.InvokeFilterPipelineAsync()
--- End of stack trace from previous location ---
   at Microsoft.AspNetCore.Mvc.Infrastructure.ResourceInvoker.<InvokeAsync>g__Awaited|17_0(ResourceInvoker invoker, Task task, IDisposable scope)
   at Microsoft.AspNetCore.Mvc.Infrastructure.ResourceInvoker.<InvokeAsync>g__Awaited|17_0(ResourceInvoker invoker, Task task, IDisposable scope)
   at Microsoft.AspNetCore.Routing.EndpointMiddleware.<Invoke>g__AwaitRequestTask|6_0(Endpoint endpoint, Task requestTask, ILogger logger)
   at Serilog.AspNetCore.RequestLoggingMiddleware.Invoke(HttpContext httpContext)
   at Microsoft.AspNetCore.Authorization.AuthorizationMiddleware.Invoke(HttpContext context)
   at Microsoft.AspNetCore.Authentication.AuthenticationMiddleware.Invoke(HttpContext context)
   at Microsoft.AspNetCore.Diagnostics.DeveloperExceptionPageMiddleware.Invoke(HttpContext context)
2022-03-03 23:08:59.447 +02:00 [ERR] The view 'Index' was not found. Searched locations: ["/Views/Home/Index.cshtml","/Views/Shared/Index.cshtml","/Pages/Shared/Index.cshtml"]
2022-03-03 23:08:59.486 +02:00 [ERR] HTTP GET / responded 500 in 51.6358 ms
System.InvalidOperationException: The view 'Index' was not found. The following locations were searched:
/Views/Home/Index.cshtml
/Views/Shared/Index.cshtml
/Pages/Shared/Index.cshtml
   at Microsoft.AspNetCore.Mvc.ViewEngines.ViewEngineResult.EnsureSuccessful(IEnumerable`1 originalLocations)
   at Microsoft.AspNetCore.Mvc.ViewFeatures.ViewResultExecutor.ExecuteAsync(ActionContext context, ViewResult result)
   at Microsoft.AspNetCore.Mvc.ViewResult.ExecuteResultAsync(ActionContext context)
   at Microsoft.AspNetCore.Mvc.Infrastructure.ResourceInvoker.<InvokeNextResultFilterAsync>g__Awaited|30_0[TFilter,TFilterAsync](ResourceInvoker invoker, Task lastTask, State next, Scope scope, Object state, Boolean isCompleted)
   at Microsoft.AspNetCore.Mvc.Infrastructure.ResourceInvoker.Rethrow(ResultExecutedContextSealed context)
   at Microsoft.AspNetCore.Mvc.Infrastructure.ResourceInvoker.ResultNext[TFilter,TFilterAsync](State& next, Scope& scope, Object& state, Boolean& isCompleted)
   at Microsoft.AspNetCore.Mvc.Infrastructure.ResourceInvoker.InvokeResultFilters()
--- End of stack trace from previous location ---
   at Microsoft.AspNetCore.Mvc.Infrastructure.ResourceInvoker.<InvokeNextResourceFilter>g__Awaited|25_0(ResourceInvoker invoker, Task lastTask, State next, Scope scope, Object state, Boolean isCompleted)
   at Microsoft.AspNetCore.Mvc.Infrastructure.ResourceInvoker.Rethrow(ResourceExecutedContextSealed context)
   at Microsoft.AspNetCore.Mvc.Infrastructure.ResourceInvoker.Next(State& next, Scope& scope, Object& state, Boolean& isCompleted)
   at Microsoft.AspNetCore.Mvc.Infrastructure.ResourceInvoker.InvokeFilterPipelineAsync()
--- End of stack trace from previous location ---
   at Microsoft.AspNetCore.Mvc.Infrastructure.ResourceInvoker.<InvokeAsync>g__Awaited|17_0(ResourceInvoker invoker, Task task, IDisposable scope)
   at Microsoft.AspNetCore.Mvc.Infrastructure.ResourceInvoker.<InvokeAsync>g__Awaited|17_0(ResourceInvoker invoker, Task task, IDisposable scope)
   at Microsoft.AspNetCore.Routing.EndpointMiddleware.<Invoke>g__AwaitRequestTask|6_0(Endpoint endpoint, Task requestTask, ILogger logger)
   at Serilog.AspNetCore.RequestLoggingMiddleware.Invoke(HttpContext httpContext)
2022-03-03 23:08:59.518 +02:00 [ERR] An unhandled exception has occurred while executing the request.
System.InvalidOperationException: The view 'Index' was not found. The following locations were searched:
/Views/Home/Index.cshtml
/Views/Shared/Index.cshtml
/Pages/Shared/Index.cshtml
   at Microsoft.AspNetCore.Mvc.ViewEngines.ViewEngineResult.EnsureSuccessful(IEnumerable`1 originalLocations)
   at Microsoft.AspNetCore.Mvc.ViewFeatures.ViewResultExecutor.ExecuteAsync(ActionContext context, ViewResult result)
   at Microsoft.AspNetCore.Mvc.ViewResult.ExecuteResultAsync(ActionContext context)
   at Microsoft.AspNetCore.Mvc.Infrastructure.ResourceInvoker.<InvokeNextResultFilterAsync>g__Awaited|30_0[TFilter,TFilterAsync](ResourceInvoker invoker, Task lastTask, State next, Scope scope, Object state, Boolean isCompleted)
   at Microsoft.AspNetCore.Mvc.Infrastructure.ResourceInvoker.Rethrow(ResultExecutedContextSealed context)
   at Microsoft.AspNetCore.Mvc.Infrastructure.ResourceInvoker.ResultNext[TFilter,TFilterAsync](State& next, Scope& scope, Object& state, Boolean& isCompleted)
   at Microsoft.AspNetCore.Mvc.Infrastructure.ResourceInvoker.InvokeResultFilters()
--- End of stack trace from previous location ---
   at Microsoft.AspNetCore.Mvc.Infrastructure.ResourceInvoker.<InvokeNextResourceFilter>g__Awaited|25_0(ResourceInvoker invoker, Task lastTask, State next, Scope scope, Object state, Boolean isCompleted)
   at Microsoft.AspNetCore.Mvc.Infrastructure.ResourceInvoker.Rethrow(ResourceExecutedContextSealed context)
   at Microsoft.AspNetCore.Mvc.Infrastructure.ResourceInvoker.Next(State& next, Scope& scope, Object& state, Boolean& isCompleted)
   at Microsoft.AspNetCore.Mvc.Infrastructure.ResourceInvoker.InvokeFilterPipelineAsync()
--- End of stack trace from previous location ---
   at Microsoft.AspNetCore.Mvc.Infrastructure.ResourceInvoker.<InvokeAsync>g__Awaited|17_0(ResourceInvoker invoker, Task task, IDisposable scope)
   at Microsoft.AspNetCore.Mvc.Infrastructure.ResourceInvoker.<InvokeAsync>g__Awaited|17_0(ResourceInvoker invoker, Task task, IDisposable scope)
   at Microsoft.AspNetCore.Routing.EndpointMiddleware.<Invoke>g__AwaitRequestTask|6_0(Endpoint endpoint, Task requestTask, ILogger logger)
   at Serilog.AspNetCore.RequestLoggingMiddleware.Invoke(HttpContext httpContext)
   at Microsoft.AspNetCore.Authorization.AuthorizationMiddleware.Invoke(HttpContext context)
   at Microsoft.AspNetCore.Authentication.AuthenticationMiddleware.Invoke(HttpContext context)
   at Microsoft.AspNetCore.Diagnostics.DeveloperExceptionPageMiddleware.Invoke(HttpContext context)
2022-03-03 23:12:17.096 +02:00 [ERR] The view 'Index' was not found. Searched locations: ["/Views/Home/Index.cshtml","/Views/Shared/Index.cshtml","/Pages/Shared/Index.cshtml"]
2022-03-03 23:12:17.135 +02:00 [ERR] HTTP GET / responded 500 in 48.9817 ms
System.InvalidOperationException: The view 'Index' was not found. The following locations were searched:
/Views/Home/Index.cshtml
/Views/Shared/Index.cshtml
/Pages/Shared/Index.cshtml
   at Microsoft.AspNetCore.Mvc.ViewEngines.ViewEngineResult.EnsureSuccessful(IEnumerable`1 originalLocations)
   at Microsoft.AspNetCore.Mvc.ViewFeatures.ViewResultExecutor.ExecuteAsync(ActionContext context, ViewResult result)
   at Microsoft.AspNetCore.Mvc.ViewResult.ExecuteResultAsync(ActionContext context)
   at Microsoft.AspNetCore.Mvc.Infrastructure.ResourceInvoker.<InvokeNextResultFilterAsync>g__Awaited|30_0[TFilter,TFilterAsync](ResourceInvoker invoker, Task lastTask, State next, Scope scope, Object state, Boolean isCompleted)
   at Microsoft.AspNetCore.Mvc.Infrastructure.ResourceInvoker.Rethrow(ResultExecutedContextSealed context)
   at Microsoft.AspNetCore.Mvc.Infrastructure.ResourceInvoker.ResultNext[TFilter,TFilterAsync](State& next, Scope& scope, Object& state, Boolean& isCompleted)
   at Microsoft.AspNetCore.Mvc.Infrastructure.ResourceInvoker.InvokeResultFilters()
--- End of stack trace from previous location ---
   at Microsoft.AspNetCore.Mvc.Infrastructure.ResourceInvoker.<InvokeNextResourceFilter>g__Awaited|25_0(ResourceInvoker invoker, Task lastTask, State next, Scope scope, Object state, Boolean isCompleted)
   at Microsoft.AspNetCore.Mvc.Infrastructure.ResourceInvoker.Rethrow(ResourceExecutedContextSealed context)
   at Microsoft.AspNetCore.Mvc.Infrastructure.ResourceInvoker.Next(State& next, Scope& scope, Object& state, Boolean& isCompleted)
   at Microsoft.AspNetCore.Mvc.Infrastructure.ResourceInvoker.InvokeFilterPipelineAsync()
--- End of stack trace from previous location ---
   at Microsoft.AspNetCore.Mvc.Infrastructure.ResourceInvoker.<InvokeAsync>g__Awaited|17_0(ResourceInvoker invoker, Task task, IDisposable scope)
   at Microsoft.AspNetCore.Mvc.Infrastructure.ResourceInvoker.<InvokeAsync>g__Awaited|17_0(ResourceInvoker invoker, Task task, IDisposable scope)
   at Microsoft.AspNetCore.Routing.EndpointMiddleware.<Invoke>g__AwaitRequestTask|6_0(Endpoint endpoint, Task requestTask, ILogger logger)
   at Serilog.AspNetCore.RequestLoggingMiddleware.Invoke(HttpContext httpContext)
2022-03-03 23:12:17.160 +02:00 [ERR] An unhandled exception has occurred while executing the request.
System.InvalidOperationException: The view 'Index' was not found. The following locations were searched:
/Views/Home/Index.cshtml
/Views/Shared/Index.cshtml
/Pages/Shared/Index.cshtml
   at Microsoft.AspNetCore.Mvc.ViewEngines.ViewEngineResult.EnsureSuccessful(IEnumerable`1 originalLocations)
   at Microsoft.AspNetCore.Mvc.ViewFeatures.ViewResultExecutor.ExecuteAsync(ActionContext context, ViewResult result)
   at Microsoft.AspNetCore.Mvc.ViewResult.ExecuteResultAsync(ActionContext context)
   at Microsoft.AspNetCore.Mvc.Infrastructure.ResourceInvoker.<InvokeNextResultFilterAsync>g__Awaited|30_0[TFilter,TFilterAsync](ResourceInvoker invoker, Task lastTask, State next, Scope scope, Object state, Boolean isCompleted)
   at Microsoft.AspNetCore.Mvc.Infrastructure.ResourceInvoker.Rethrow(ResultExecutedContextSealed context)
   at Microsoft.AspNetCore.Mvc.Infrastructure.ResourceInvoker.ResultNext[TFilter,TFilterAsync](State& next, Scope& scope, Object& state, Boolean& isCompleted)
   at Microsoft.AspNetCore.Mvc.Infrastructure.ResourceInvoker.InvokeResultFilters()
--- End of stack trace from previous location ---
   at Microsoft.AspNetCore.Mvc.Infrastructure.ResourceInvoker.<InvokeNextResourceFilter>g__Awaited|25_0(ResourceInvoker invoker, Task lastTask, State next, Scope scope, Object state, Boolean isCompleted)
   at Microsoft.AspNetCore.Mvc.Infrastructure.ResourceInvoker.Rethrow(ResourceExecutedContextSealed context)
   at Microsoft.AspNetCore.Mvc.Infrastructure.ResourceInvoker.Next(State& next, Scope& scope, Object& state, Boolean& isCompleted)
   at Microsoft.AspNetCore.Mvc.Infrastructure.ResourceInvoker.InvokeFilterPipelineAsync()
--- End of stack trace from previous location ---
   at Microsoft.AspNetCore.Mvc.Infrastructure.ResourceInvoker.<InvokeAsync>g__Awaited|17_0(ResourceInvoker invoker, Task task, IDisposable scope)
   at Microsoft.AspNetCore.Mvc.Infrastructure.ResourceInvoker.<InvokeAsync>g__Awaited|17_0(ResourceInvoker invoker, Task task, IDisposable scope)
   at Microsoft.AspNetCore.Routing.EndpointMiddleware.<Invoke>g__AwaitRequestTask|6_0(Endpoint endpoint, Task requestTask, ILogger logger)
   at Serilog.AspNetCore.RequestLoggingMiddleware.Invoke(HttpContext httpContext)
   at Microsoft.AspNetCore.Authorization.AuthorizationMiddleware.Invoke(HttpContext context)
   at Microsoft.AspNetCore.Authentication.AuthenticationMiddleware.Invoke(HttpContext context)
   at Microsoft.AspNetCore.Diagnostics.DeveloperExceptionPageMiddleware.Invoke(HttpContext context)
2022-03-03 23:15:01.905 +02:00 [INF] HTTP GET / responded 200 in 78.6747 ms
2022-03-03 23:15:05.126 +02:00 [INF] HTTP GET /Admin/Categories responded 200 in 1109.5026 ms
2022-03-03 23:15:06.508 +02:00 [INF] HTTP GET /Admin/Categories/Create responded 200 in 19.7329 ms
2022-03-03 23:15:08.959 +02:00 [INF] HTTP GET /Admin/Categories responded 200 in 43.9483 ms
2022-03-03 23:15:10.487 +02:00 [INF] HTTP GET /Admin/Categories/Create responded 200 in 1.5523 ms
2022-03-03 23:15:11.655 +02:00 [INF] HTTP GET /Admin/Categories responded 200 in 10.9841 ms
2022-03-03 23:15:16.391 +02:00 [INF] HTTP GET /Admin/Assignments responded 200 in 97.5751 ms
2022-03-03 23:51:20.750 +02:00 [INF] HTTP GET / responded 200 in 65.1761 ms
2022-03-03 23:52:55.079 +02:00 [ERR] The view 'Index' was not found. Searched locations: ["/Views/Home/Index.cshtml","/Views/Shared/Index.cshtml","/Pages/Shared/Index.cshtml"]
2022-03-03 23:52:55.118 +02:00 [ERR] HTTP GET / responded 500 in 57.0554 ms
System.InvalidOperationException: The view 'Index' was not found. The following locations were searched:
/Views/Home/Index.cshtml
/Views/Shared/Index.cshtml
/Pages/Shared/Index.cshtml
   at Microsoft.AspNetCore.Mvc.ViewEngines.ViewEngineResult.EnsureSuccessful(IEnumerable`1 originalLocations)
   at Microsoft.AspNetCore.Mvc.ViewFeatures.ViewResultExecutor.ExecuteAsync(ActionContext context, ViewResult result)
   at Microsoft.AspNetCore.Mvc.ViewResult.ExecuteResultAsync(ActionContext context)
   at Microsoft.AspNetCore.Mvc.Infrastructure.ResourceInvoker.<InvokeNextResultFilterAsync>g__Awaited|30_0[TFilter,TFilterAsync](ResourceInvoker invoker, Task lastTask, State next, Scope scope, Object state, Boolean isCompleted)
   at Microsoft.AspNetCore.Mvc.Infrastructure.ResourceInvoker.Rethrow(ResultExecutedContextSealed context)
   at Microsoft.AspNetCore.Mvc.Infrastructure.ResourceInvoker.ResultNext[TFilter,TFilterAsync](State& next, Scope& scope, Object& state, Boolean& isCompleted)
   at Microsoft.AspNetCore.Mvc.Infrastructure.ResourceInvoker.InvokeResultFilters()
--- End of stack trace from previous location ---
   at Microsoft.AspNetCore.Mvc.Infrastructure.ResourceInvoker.<InvokeNextResourceFilter>g__Awaited|25_0(ResourceInvoker invoker, Task lastTask, State next, Scope scope, Object state, Boolean isCompleted)
   at Microsoft.AspNetCore.Mvc.Infrastructure.ResourceInvoker.Rethrow(ResourceExecutedContextSealed context)
   at Microsoft.AspNetCore.Mvc.Infrastructure.ResourceInvoker.Next(State& next, Scope& scope, Object& state, Boolean& isCompleted)
   at Microsoft.AspNetCore.Mvc.Infrastructure.ResourceInvoker.InvokeFilterPipelineAsync()
--- End of stack trace from previous location ---
   at Microsoft.AspNetCore.Mvc.Infrastructure.ResourceInvoker.<InvokeAsync>g__Awaited|17_0(ResourceInvoker invoker, Task task, IDisposable scope)
   at Microsoft.AspNetCore.Mvc.Infrastructure.ResourceInvoker.<InvokeAsync>g__Awaited|17_0(ResourceInvoker invoker, Task task, IDisposable scope)
   at Microsoft.AspNetCore.Routing.EndpointMiddleware.<Invoke>g__AwaitRequestTask|6_0(Endpoint endpoint, Task requestTask, ILogger logger)
   at Serilog.AspNetCore.RequestLoggingMiddleware.Invoke(HttpContext httpContext)
2022-03-03 23:52:55.146 +02:00 [ERR] An unhandled exception has occurred while executing the request.
System.InvalidOperationException: The view 'Index' was not found. The following locations were searched:
/Views/Home/Index.cshtml
/Views/Shared/Index.cshtml
/Pages/Shared/Index.cshtml
   at Microsoft.AspNetCore.Mvc.ViewEngines.ViewEngineResult.EnsureSuccessful(IEnumerable`1 originalLocations)
   at Microsoft.AspNetCore.Mvc.ViewFeatures.ViewResultExecutor.ExecuteAsync(ActionContext context, ViewResult result)
   at Microsoft.AspNetCore.Mvc.ViewResult.ExecuteResultAsync(ActionContext context)
   at Microsoft.AspNetCore.Mvc.Infrastructure.ResourceInvoker.<InvokeNextResultFilterAsync>g__Awaited|30_0[TFilter,TFilterAsync](ResourceInvoker invoker, Task lastTask, State next, Scope scope, Object state, Boolean isCompleted)
   at Microsoft.AspNetCore.Mvc.Infrastructure.ResourceInvoker.Rethrow(ResultExecutedContextSealed context)
   at Microsoft.AspNetCore.Mvc.Infrastructure.ResourceInvoker.ResultNext[TFilter,TFilterAsync](State& next, Scope& scope, Object& state, Boolean& isCompleted)
   at Microsoft.AspNetCore.Mvc.Infrastructure.ResourceInvoker.InvokeResultFilters()
--- End of stack trace from previous location ---
   at Microsoft.AspNetCore.Mvc.Infrastructure.ResourceInvoker.<InvokeNextResourceFilter>g__Awaited|25_0(ResourceInvoker invoker, Task lastTask, State next, Scope scope, Object state, Boolean isCompleted)
   at Microsoft.AspNetCore.Mvc.Infrastructure.ResourceInvoker.Rethrow(ResourceExecutedContextSealed context)
   at Microsoft.AspNetCore.Mvc.Infrastructure.ResourceInvoker.Next(State& next, Scope& scope, Object& state, Boolean& isCompleted)
   at Microsoft.AspNetCore.Mvc.Infrastructure.ResourceInvoker.InvokeFilterPipelineAsync()
--- End of stack trace from previous location ---
   at Microsoft.AspNetCore.Mvc.Infrastructure.ResourceInvoker.<InvokeAsync>g__Awaited|17_0(ResourceInvoker invoker, Task task, IDisposable scope)
   at Microsoft.AspNetCore.Mvc.Infrastructure.ResourceInvoker.<InvokeAsync>g__Awaited|17_0(ResourceInvoker invoker, Task task, IDisposable scope)
   at Microsoft.AspNetCore.Routing.EndpointMiddleware.<Invoke>g__AwaitRequestTask|6_0(Endpoint endpoint, Task requestTask, ILogger logger)
   at Serilog.AspNetCore.RequestLoggingMiddleware.Invoke(HttpContext httpContext)
   at Microsoft.AspNetCore.Authorization.AuthorizationMiddleware.Invoke(HttpContext context)
   at Microsoft.AspNetCore.Authentication.AuthenticationMiddleware.Invoke(HttpContext context)
   at Microsoft.AspNetCore.Diagnostics.DeveloperExceptionPageMiddleware.Invoke(HttpContext context)
